<?xml version="1.0" encoding="UTF-8"?>
<!-- Generated by org.testng.reporters.JUnitReportReporter -->
<testsuite hostname="NATARAJAN-PC" failures="0" tests="1" name="test.Cricbuzz" time="8.206" errors="0" timestamp="2024-05-17T15:04:38 IST" skipped="0">
  <testcase classname="test.Cricbuzz" name="cricbuzz" time="8.206"/>
  <system-out/>
</testsuite> <!-- test.Cricbuzz -->
